<?xml version="1.0" encoding="UTF-8"?>
<!-- Generated by org.testng.reporters.JUnitReportReporter -->
<testsuite hostname="DESKTOP-673GFOM" failures="0" tests="2" name="scripts.TC3" time="0.047" errors="0" timestamp="2024-07-05T07:44:46 IST" skipped="0">
  <testcase classname="scripts.TC3" name="testLogin" time="0.041"/>
  <testcase classname="scripts.TC3" name="testlogout" time="0.006"/>
</testsuite> <!-- scripts.TC3 -->
