<?xml version="1.0" encoding="UTF-8"?>
<!-- Generated by org.testng.reporters.JUnitReportReporter -->
<testsuite hostname="DESKTOP-673GFOM" failures="0" tests="1" name="scripts.ValidLogin" time="10.440" errors="0" timestamp="2024-07-10T07:45:21 IST" skipped="0">
  <testcase classname="scripts.ValidLogin" name="testValidLogin" time="10.440">
    <system-out>
      <![CDATA[Homepage is displayed]]>
    </system-out>
  </testcase> <!-- testValidLogin -->
  <system-out>
    <![CDATA[Homepage is displayed]]>
  </system-out>
</testsuite> <!-- scripts.ValidLogin -->
