<?xml version="1.0" encoding="UTF-8"?>
<!-- Generated by org.testng.reporters.JUnitReportReporter -->
<testsuite hostname="DESKTOP-673GFOM" failures="0" tests="1" name="scripts.Verify_Logout" time="10.267" errors="0" timestamp="2024-07-18T16:03:26 IST" skipped="0">
  <testcase classname="scripts.Verify_Logout" name="testLogout" time="10.267"/>
</testsuite> <!-- scripts.Verify_Logout -->
