<?xml version="1.0" encoding="UTF-8"?>
<!-- Generated by org.testng.reporters.JUnitReportReporter -->
<testsuite hostname="DESKTOP-673GFOM" failures="0" tests="1" name="scripts.InvalidLogin_4" time="8.542" errors="0" timestamp="2024-07-18T16:14:06 IST" skipped="0">
  <testcase classname="scripts.InvalidLogin_4" name="testInvalidLogin" time="8.542">
    <system-out>
      <![CDATA[Err Msg is displayed]]>
    </system-out>
  </testcase> <!-- testInvalidLogin -->
  <system-out>
    <![CDATA[Err Msg is displayed]]>
  </system-out>
</testsuite> <!-- scripts.InvalidLogin_4 -->
