<?xml version="1.0" encoding="UTF-8"?>
<!-- Generated by org.testng.reporters.JUnitReportReporter -->
<testsuite hostname="DESKTOP-673GFOM" failures="0" tests="1" name="scripts.verify_Login_Page_Fields_1" time="6.401" errors="0" timestamp="2024-07-15T22:28:09 IST" skipped="0">
  <testcase classname="scripts.verify_Login_Page_Fields_1" name="testLoginFields" time="6.401">
    <system-out>
      <![CDATA[Logo is displayed
Welcomemsg is displayed
unTB is displayed
pwTB is displayed
Footermsg is displayed
goBTN is displayed]]>
    </system-out>
  </testcase> <!-- testLoginFields -->
  <system-out>
    <![CDATA[Logo is displayed
Welcomemsg is displayed
unTB is displayed
pwTB is displayed
Footermsg is displayed
goBTN is displayed]]>
  </system-out>
</testsuite> <!-- scripts.verify_Login_Page_Fields_1 -->
