<?xml version="1.0" encoding="UTF-8"?>
<!-- Generated by org.testng.reporters.JUnitReportReporter -->
<testsuite hostname="DESKTOP-673GFOM" failures="0" tests="1" name="scripts.Valid_Login_2" time="10.471" errors="0" timestamp="2024-07-18T14:03:59 IST" skipped="0">
  <testcase classname="scripts.Valid_Login_2" name="testValidLogin" time="10.471">
    <system-out>
      <![CDATA[Homepage is displayed
CustIcon is displayed
ItemIcon is displayed
ItemKitsIcon is displayed
SupplierIcon is displayed
ReportsIcon is displayed
ReportsIcon is displayed
SalesIcon is displayed
GiftCardIcon is displayed
MsgIcon is displayed
ExpensesIcon is displayed
CashupsIcon is displayed
OfficeIcon is displayed]]>
    </system-out>
  </testcase> <!-- testValidLogin -->
  <system-out>
    <![CDATA[Homepage is displayed
CustIcon is displayed
ItemIcon is displayed
ItemKitsIcon is displayed
SupplierIcon is displayed
ReportsIcon is displayed
ReportsIcon is displayed
SalesIcon is displayed
GiftCardIcon is displayed
MsgIcon is displayed
ExpensesIcon is displayed
CashupsIcon is displayed
OfficeIcon is displayed]]>
  </system-out>
</testsuite> <!-- scripts.Valid_Login_2 -->
